running egg_info
creating ../../build/learning_tf2_py/learning_tf2_py.egg-info
writing ../../build/learning_tf2_py/learning_tf2_py.egg-info/PKG-INFO
writing dependency_links to ../../build/learning_tf2_py/learning_tf2_py.egg-info/dependency_links.txt
writing entry points to ../../build/learning_tf2_py/learning_tf2_py.egg-info/entry_points.txt
writing requirements to ../../build/learning_tf2_py/learning_tf2_py.egg-info/requires.txt
writing top-level names to ../../build/learning_tf2_py/learning_tf2_py.egg-info/top_level.txt
writing manifest file '../../build/learning_tf2_py/learning_tf2_py.egg-info/SOURCES.txt'
reading manifest file '../../build/learning_tf2_py/learning_tf2_py.egg-info/SOURCES.txt'
writing manifest file '../../build/learning_tf2_py/learning_tf2_py.egg-info/SOURCES.txt'
running build
running build_py
creating /root/tf_test/build/learning_tf2_py/build
creating /root/tf_test/build/learning_tf2_py/build/lib
creating /root/tf_test/build/learning_tf2_py/build/lib/learning_tf2_py
copying learning_tf2_py/__init__.py -> /root/tf_test/build/learning_tf2_py/build/lib/learning_tf2_py
copying learning_tf2_py/turtle_tf2_broadcaster.py -> /root/tf_test/build/learning_tf2_py/build/lib/learning_tf2_py
copying learning_tf2_py/static_turtle_tf2_broadcaster.py -> /root/tf_test/build/learning_tf2_py/build/lib/learning_tf2_py
running install
running install_lib
creating /root/tf_test/install/learning_tf2_py/lib/python3.8/site-packages/learning_tf2_py
copying /root/tf_test/build/learning_tf2_py/build/lib/learning_tf2_py/__init__.py -> /root/tf_test/install/learning_tf2_py/lib/python3.8/site-packages/learning_tf2_py
copying /root/tf_test/build/learning_tf2_py/build/lib/learning_tf2_py/turtle_tf2_broadcaster.py -> /root/tf_test/install/learning_tf2_py/lib/python3.8/site-packages/learning_tf2_py
copying /root/tf_test/build/learning_tf2_py/build/lib/learning_tf2_py/static_turtle_tf2_broadcaster.py -> /root/tf_test/install/learning_tf2_py/lib/python3.8/site-packages/learning_tf2_py
byte-compiling /root/tf_test/install/learning_tf2_py/lib/python3.8/site-packages/learning_tf2_py/__init__.py to __init__.cpython-38.pyc
byte-compiling /root/tf_test/install/learning_tf2_py/lib/python3.8/site-packages/learning_tf2_py/turtle_tf2_broadcaster.py to turtle_tf2_broadcaster.cpython-38.pyc
byte-compiling /root/tf_test/install/learning_tf2_py/lib/python3.8/site-packages/learning_tf2_py/static_turtle_tf2_broadcaster.py to static_turtle_tf2_broadcaster.cpython-38.pyc
running install_data
creating /root/tf_test/install/learning_tf2_py/share/ament_index
creating /root/tf_test/install/learning_tf2_py/share/ament_index/resource_index
creating /root/tf_test/install/learning_tf2_py/share/ament_index/resource_index/packages
copying resource/learning_tf2_py -> /root/tf_test/install/learning_tf2_py/share/ament_index/resource_index/packages
copying package.xml -> /root/tf_test/install/learning_tf2_py/share/learning_tf2_py
creating /root/tf_test/install/learning_tf2_py/share/learning_tf2_py/launch
running install_egg_info
Copying ../../build/learning_tf2_py/learning_tf2_py.egg-info to /root/tf_test/install/learning_tf2_py/lib/python3.8/site-packages/learning_tf2_py-0.0.0-py3.8.egg-info
running install_scripts
Installing static_turtle_tf2_broadcaster script to /root/tf_test/install/learning_tf2_py/lib/learning_tf2_py
Installing turtle_tf2_broadcaster script to /root/tf_test/install/learning_tf2_py/lib/learning_tf2_py
writing list of installed files to '/root/tf_test/build/learning_tf2_py/install.log'
