[0.255s] Invoking command in '/root/tf_test/build/learning_tf2_py': PYTHONPATH=/root/tf_test/build/learning_tf2_py/prefix_override:/root/tf_test/install/learning_tf2_py/lib/python3.8/site-packages:${PYTHONPATH} /usr/bin/python3 setup.py develop --editable --build-directory /root/tf_test/build/learning_tf2_py/build --no-deps install_data
[0.335s] running develop
[0.376s] running egg_info
[0.376s] writing learning_tf2_py.egg-info/PKG-INFO
[0.376s] writing dependency_links to learning_tf2_py.egg-info/dependency_links.txt
[0.376s] writing entry points to learning_tf2_py.egg-info/entry_points.txt
[0.376s] writing requirements to learning_tf2_py.egg-info/requires.txt
[0.376s] writing top-level names to learning_tf2_py.egg-info/top_level.txt
[0.390s] reading manifest file 'learning_tf2_py.egg-info/SOURCES.txt'
[0.390s] writing manifest file 'learning_tf2_py.egg-info/SOURCES.txt'
[0.404s] running build_ext
[0.404s] Creating /root/tf_test/install/learning_tf2_py/lib/python3.8/site-packages/learning-tf2-py.egg-link (link to .)
[0.405s] Installing dynamic_frame_tf2_broadcaster script to /root/tf_test/install/learning_tf2_py/lib/learning_tf2_py
[0.405s] Installing fixed_frame_tf2_broadcaster script to /root/tf_test/install/learning_tf2_py/lib/learning_tf2_py
[0.405s] Installing static_turtle_tf2_broadcaster script to /root/tf_test/install/learning_tf2_py/lib/learning_tf2_py
[0.405s] Installing turtle_tf2_broadcaster script to /root/tf_test/install/learning_tf2_py/lib/learning_tf2_py
[0.405s] Installing turtle_tf2_listener script to /root/tf_test/install/learning_tf2_py/lib/learning_tf2_py
[0.405s] Installing turtle_tf2_listener_timebuffer script to /root/tf_test/install/learning_tf2_py/lib/learning_tf2_py
[0.405s] 
[0.405s] Installed /root/tf_test/build/learning_tf2_py
[0.405s] running install_data
[0.405s] copying launch/turtle_tf2_demo_buffer.launch.py -> /root/tf_test/install/learning_tf2_py/share/learning_tf2_py/launch
[0.417s] Invoked command in '/root/tf_test/build/learning_tf2_py' returned '0': PYTHONPATH=/root/tf_test/build/learning_tf2_py/prefix_override:/root/tf_test/install/learning_tf2_py/lib/python3.8/site-packages:${PYTHONPATH} /usr/bin/python3 setup.py develop --editable --build-directory /root/tf_test/build/learning_tf2_py/build --no-deps install_data
