running develop
running egg_info
creating learning_tf2_py.egg-info
writing learning_tf2_py.egg-info/PKG-INFO
writing dependency_links to learning_tf2_py.egg-info/dependency_links.txt
writing entry points to learning_tf2_py.egg-info/entry_points.txt
writing requirements to learning_tf2_py.egg-info/requires.txt
writing top-level names to learning_tf2_py.egg-info/top_level.txt
writing manifest file 'learning_tf2_py.egg-info/SOURCES.txt'
reading manifest file 'learning_tf2_py.egg-info/SOURCES.txt'
writing manifest file 'learning_tf2_py.egg-info/SOURCES.txt'
running build_ext
Creating /root/tf_test/install/learning_tf2_py/lib/python3.8/site-packages/site.py
Creating /root/tf_test/install/learning_tf2_py/lib/python3.8/site-packages/learning-tf2-py.egg-link (link to .)
Installing dynamic_frame_tf2_broadcaster script to /root/tf_test/install/learning_tf2_py/lib/learning_tf2_py
Installing fixed_frame_tf2_broadcaster script to /root/tf_test/install/learning_tf2_py/lib/learning_tf2_py
Installing static_turtle_tf2_broadcaster script to /root/tf_test/install/learning_tf2_py/lib/learning_tf2_py
Installing turtle_tf2_broadcaster script to /root/tf_test/install/learning_tf2_py/lib/learning_tf2_py
Installing turtle_tf2_listener script to /root/tf_test/install/learning_tf2_py/lib/learning_tf2_py
Installing turtle_tf2_listener_timebuffer script to /root/tf_test/install/learning_tf2_py/lib/learning_tf2_py

Installed /root/tf_test/build/learning_tf2_py
running install_data
creating /root/tf_test/install/learning_tf2_py/share/ament_index
creating /root/tf_test/install/learning_tf2_py/share/ament_index/resource_index
creating /root/tf_test/install/learning_tf2_py/share/ament_index/resource_index/packages
copying resource/learning_tf2_py -> /root/tf_test/install/learning_tf2_py/share/ament_index/resource_index/packages
copying package.xml -> /root/tf_test/install/learning_tf2_py/share/learning_tf2_py
creating /root/tf_test/install/learning_tf2_py/share/learning_tf2_py/launch
copying launch/turtle_tf2_demo.launch.py -> /root/tf_test/install/learning_tf2_py/share/learning_tf2_py/launch
copying launch/turtle_tf2_fixed_frame_demo.launch.py -> /root/tf_test/install/learning_tf2_py/share/learning_tf2_py/launch
copying launch/turtle_tf2_demo_buffer.launch.py -> /root/tf_test/install/learning_tf2_py/share/learning_tf2_py/launch
copying launch/turtle_tf2_fixed_frame_but_static_broadcaster_demo.launch.py -> /root/tf_test/install/learning_tf2_py/share/learning_tf2_py/launch
copying launch/turtle_tf2_demo_broadcaster.launch.py -> /root/tf_test/install/learning_tf2_py/share/learning_tf2_py/launch
copying launch/turtle_tf2_dynamic_frame_demo.launch.py -> /root/tf_test/install/learning_tf2_py/share/learning_tf2_py/launch
