[0.281s] Invoking command in '/root/tf_test/build/learning_tf2_py': PYTHONPATH=/root/tf_test/build/learning_tf2_py/prefix_override:/root/tf_test/install/learning_tf2_py/lib/python3.8/site-packages:${PYTHONPATH} /usr/bin/python3 setup.py develop --editable --build-directory /root/tf_test/build/learning_tf2_py/build --no-deps install_data
[0.371s] running develop
[0.415s] running egg_info
[0.415s] writing learning_tf2_py.egg-info/PKG-INFO
[0.415s] writing dependency_links to learning_tf2_py.egg-info/dependency_links.txt
[0.415s] writing entry points to learning_tf2_py.egg-info/entry_points.txt
[0.415s] writing requirements to learning_tf2_py.egg-info/requires.txt
[0.415s] writing top-level names to learning_tf2_py.egg-info/top_level.txt
[0.429s] reading manifest file 'learning_tf2_py.egg-info/SOURCES.txt'
[0.430s] writing manifest file 'learning_tf2_py.egg-info/SOURCES.txt'
[0.444s] running build_ext
[0.444s] Creating /root/tf_test/install/learning_tf2_py/lib/python3.8/site-packages/learning-tf2-py.egg-link (link to .)
[0.445s] Installing static_turtle_tf2_broadcaster script to /root/tf_test/install/learning_tf2_py/lib/learning_tf2_py
[0.445s] Installing turtle_tf2_broadcaster script to /root/tf_test/install/learning_tf2_py/lib/learning_tf2_py
[0.445s] Installing turtle_tf2_listener script to /root/tf_test/install/learning_tf2_py/lib/learning_tf2_py
[0.445s] 
[0.445s] Installed /root/tf_test/build/learning_tf2_py
[0.445s] running install_data
[0.445s] copying launch/turtle_tf2_demo_broadcaster.launch.py -> /root/tf_test/install/learning_tf2_py/share/learning_tf2_py/launch
[0.457s] Invoked command in '/root/tf_test/build/learning_tf2_py' returned '0': PYTHONPATH=/root/tf_test/build/learning_tf2_py/prefix_override:/root/tf_test/install/learning_tf2_py/lib/python3.8/site-packages:${PYTHONPATH} /usr/bin/python3 setup.py develop --editable --build-directory /root/tf_test/build/learning_tf2_py/build --no-deps install_data
